{"name": "test_filter_negative", "status": "skipped", "statusDetails": {"message": "XFAIL\n\nselenium.common.exceptions.NoSuchElementException: Message: no such element: Unable to locate element: {\"method\":\"xpath\",\"selector\":\"(//*[@data-testid='card-current-price' and text()='85,80 р.'])[2]\"}\n  (Session info: chrome=121.0.6167.184); For documentation on this error, please visit: https://www.selenium.dev/documentation/webdriver/troubleshooting/errors#no-such-element-exception\nStacktrace:\n0   chromedriver                        0x00000001024ce814 chromedriver + 4040724\n1   chromedriver                        0x00000001024c6a18 chromedriver + 4008472\n2   chromedriver                        0x0000000102139870 chromedriver + 284784\n3   chromedriver                        0x000000010217d080 chromedriver + 561280\n4   chromedriver                        0x00000001021b7048 chromedriver + 798792\n5   chromedriver                        0x000000010217174c chromedriver + 513868\n6   chromedriver                        0x0000000102172044 chromedriver + 516164\n7   chromedriver                        0x0000000102493a3c chromedriver + 3799612\n8   chromedriver                        0x0000000102497f1c chromedriver + 3817244\n9   chromedriver                        0x000000010247c298 chromedriver + 3703448\n10  chromedriver                        0x0000000102498a64 chromedriver + 3820132\n11  chromedriver                        0x000000010246f054 chromedriver + 3649620\n12  chromedriver                        0x00000001024b5e74 chromedriver + 3939956\n13  chromedriver                        0x00000001024b5fec chromedriver + 3940332\n14  chromedriver                        0x00000001024c6698 chromedriver + 4007576\n15  libsystem_pthread.dylib             0x000000018baa6034 _pthread_start + 136\n16  libsystem_pthread.dylib             0x000000018baa0e3c thread_start + 8", "trace": "driver_chrome = <selenium.webdriver.chrome.webdriver.WebDriver (session=\"bd54e792976d08ea07283218d5b361e9\")>\n\n    @pytest.mark.filters\n    @pytest.mark.xfail\n    def test_filter_negative(driver_chrome):\n        xpath = \"(//*[@class='Chip_label__oZTDw ChipHome_label__pG1wI'])[7]\"\n        element_button = driver_chrome.find_element(By.XPATH, xpath)\n        element_button.click()\n        time.sleep(2)\n>       price = driver_chrome.find_element(By.XPATH, \"(//*[@data-testid='card-current-price' and text()='85,80 р.'])[2]\")\n\ntests/test_pytest.py:73: \n_ _ _ _ _ _ _ _ _ _ _ _ _ _ _ _ _ _ _ _ _ _ _ _ _ _ _ _ _ _ _ _ _ _ _ _ _ _ _ _ _ _ _ _ _ _ _ _ _ _ _ _ _ _ _ _ _ _ _ _ _ _ _ _ _ _ _ _ _ _ _ _ _ _ _ _ _ _ _ _ _ \n.venv/lib/python3.12/site-packages/selenium/webdriver/remote/webdriver.py:741: in find_element\n    return self.execute(Command.FIND_ELEMENT, {\"using\": by, \"value\": value})[\"value\"]\n.venv/lib/python3.12/site-packages/selenium/webdriver/remote/webdriver.py:347: in execute\n    self.error_handler.check_response(response)\n_ _ _ _ _ _ _ _ _ _ _ _ _ _ _ _ _ _ _ _ _ _ _ _ _ _ _ _ _ _ _ _ _ _ _ _ _ _ _ _ _ _ _ _ _ _ _ _ _ _ _ _ _ _ _ _ _ _ _ _ _ _ _ _ _ _ _ _ _ _ _ _ _ _ _ _ _ _ _ _ _ \n\nself = <selenium.webdriver.remote.errorhandler.ErrorHandler object at 0x106dd72c0>\nresponse = {'status': 404, 'value': '{\"value\":{\"error\":\"no such element\",\"message\":\"no such element: Unable to locate element: {\\...00018baa6034 _pthread_start + 136\\\\n16  libsystem_pthread.dylib             0x000000018baa0e3c thread_start + 8\\\\n\"}}'}\n\n    def check_response(self, response: Dict[str, Any]) -> None:\n        \"\"\"Checks that a JSON response from the WebDriver does not have an\n        error.\n    \n        :Args:\n         - response - The JSON response from the WebDriver server as a dictionary\n           object.\n    \n        :Raises: If the response contains an error message.\n        \"\"\"\n        status = response.get(\"status\", None)\n        if not status or status == ErrorCode.SUCCESS:\n            return\n        value = None\n        message = response.get(\"message\", \"\")\n        screen: str = response.get(\"screen\", \"\")\n        stacktrace = None\n        if isinstance(status, int):\n            value_json = response.get(\"value\", None)\n            if value_json and isinstance(value_json, str):\n                import json\n    \n                try:\n                    value = json.loads(value_json)\n                    if len(value) == 1:\n                        value = value[\"value\"]\n                    status = value.get(\"error\", None)\n                    if not status:\n                        status = value.get(\"status\", ErrorCode.UNKNOWN_ERROR)\n                        message = value.get(\"value\") or value.get(\"message\")\n                        if not isinstance(message, str):\n                            value = message\n                            message = message.get(\"message\")\n                    else:\n                        message = value.get(\"message\", None)\n                except ValueError:\n                    pass\n    \n        exception_class: Type[WebDriverException]\n        e = ErrorCode()\n        error_codes = [item for item in dir(e) if not item.startswith(\"__\")]\n        for error_code in error_codes:\n            error_info = getattr(ErrorCode, error_code)\n            if isinstance(error_info, list) and status in error_info:\n                exception_class = getattr(ExceptionMapping, error_code, WebDriverException)\n                break\n        else:\n            exception_class = WebDriverException\n    \n        if not value:\n            value = response[\"value\"]\n        if isinstance(value, str):\n            raise exception_class(value)\n        if message == \"\" and \"message\" in value:\n            message = value[\"message\"]\n    \n        screen = None  # type: ignore[assignment]\n        if \"screen\" in value:\n            screen = value[\"screen\"]\n    \n        stacktrace = None\n        st_value = value.get(\"stackTrace\") or value.get(\"stacktrace\")\n        if st_value:\n            if isinstance(st_value, str):\n                stacktrace = st_value.split(\"\\n\")\n            else:\n                stacktrace = []\n                try:\n                    for frame in st_value:\n                        line = frame.get(\"lineNumber\", \"\")\n                        file = frame.get(\"fileName\", \"<anonymous>\")\n                        if line:\n                            file = f\"{file}:{line}\"\n                        meth = frame.get(\"methodName\", \"<anonymous>\")\n                        if \"className\" in frame:\n                            meth = f\"{frame['className']}.{meth}\"\n                        msg = \"    at %s (%s)\"\n                        msg = msg % (meth, file)\n                        stacktrace.append(msg)\n                except TypeError:\n                    pass\n        if exception_class == UnexpectedAlertPresentException:\n            alert_text = None\n            if \"data\" in value:\n                alert_text = value[\"data\"].get(\"text\")\n            elif \"alert\" in value:\n                alert_text = value[\"alert\"].get(\"text\")\n            raise exception_class(message, screen, stacktrace, alert_text)  # type: ignore[call-arg]  # mypy is not smart enough here\n>       raise exception_class(message, screen, stacktrace)\nE       selenium.common.exceptions.NoSuchElementException: Message: no such element: Unable to locate element: {\"method\":\"xpath\",\"selector\":\"(//*[@data-testid='card-current-price' and text()='85,80 р.'])[2]\"}\nE         (Session info: chrome=121.0.6167.184); For documentation on this error, please visit: https://www.selenium.dev/documentation/webdriver/troubleshooting/errors#no-such-element-exception\nE       Stacktrace:\nE       0   chromedriver                        0x00000001024ce814 chromedriver + 4040724\nE       1   chromedriver                        0x00000001024c6a18 chromedriver + 4008472\nE       2   chromedriver                        0x0000000102139870 chromedriver + 284784\nE       3   chromedriver                        0x000000010217d080 chromedriver + 561280\nE       4   chromedriver                        0x00000001021b7048 chromedriver + 798792\nE       5   chromedriver                        0x000000010217174c chromedriver + 513868\nE       6   chromedriver                        0x0000000102172044 chromedriver + 516164\nE       7   chromedriver                        0x0000000102493a3c chromedriver + 3799612\nE       8   chromedriver                        0x0000000102497f1c chromedriver + 3817244\nE       9   chromedriver                        0x000000010247c298 chromedriver + 3703448\nE       10  chromedriver                        0x0000000102498a64 chromedriver + 3820132\nE       11  chromedriver                        0x000000010246f054 chromedriver + 3649620\nE       12  chromedriver                        0x00000001024b5e74 chromedriver + 3939956\nE       13  chromedriver                        0x00000001024b5fec chromedriver + 3940332\nE       14  chromedriver                        0x00000001024c6698 chromedriver + 4007576\nE       15  libsystem_pthread.dylib             0x000000018baa6034 _pthread_start + 136\nE       16  libsystem_pthread.dylib             0x000000018baa0e3c thread_start + 8\n\n.venv/lib/python3.12/site-packages/selenium/webdriver/remote/errorhandler.py:229: NoSuchElementException"}, "start": 1708419898996, "stop": 1708419907238, "uuid": "9b4dec7d-d3d3-4278-bce0-7c9e8b755d7d", "historyId": "bd536193137e893f906536bea91d2ca4", "testCaseId": "bd536193137e893f906536bea91d2ca4", "fullName": "tests.test_pytest#test_filter_negative", "labels": [{"name": "tag", "value": "@pytest.mark.xfail"}, {"name": "tag", "value": "filters"}, {"name": "parentSuite", "value": "tests"}, {"name": "suite", "value": "test_pytest"}, {"name": "host", "value": "Ivans-Laptop.local"}, {"name": "thread", "value": "26015-MainThread"}, {"name": "framework", "value": "pytest"}, {"name": "language", "value": "cpython3"}, {"name": "package", "value": "tests.test_pytest"}]}